<?xml version="1.0" encoding="UTF-8"?>
<!-- Generated by org.testng.reporters.JUnitXMLReporter -->
<testsuite ignored="0" hostname="DESKTOP-24FMHF5" failures="0" tests="1" name="Test-Runner-Edge" time="12.794" errors="0" timestamp="2025-01-28T19:30:48 IST">
  <testcase classname="TestNg_crossBrowser.saple1" name="amazon1" time="12.736"/>
</testsuite> <!-- Test-Runner-Edge -->
