<?xml version="1.0" encoding="UTF-8"?>
<!-- Generated by org.testng.reporters.JUnitReportReporter -->
<testsuite hostname="DESKTOP-24FMHF5" failures="0" tests="1" name="TestNg_batch.amazon" time="6.601" errors="0" timestamp="2024-10-18T19:05:45 IST" skipped="0">
  <testcase classname="TestNg_batch.amazon" name="amazon1" time="6.601"/>
  <system-out/>
</testsuite> <!-- TestNg_batch.amazon -->
