<?xml version="1.0" encoding="UTF-8"?>
<!-- Generated by org.testng.reporters.JUnitReportReporter -->
<testsuite hostname="DESKTOP-24FMHF5" failures="0" tests="2" name="TestNg_crossBrowser.saple1" time="25.202" errors="0" timestamp="2025-01-28T19:30:48 IST" skipped="0">
  <testcase classname="TestNg_crossBrowser.saple1" name="amazon1" time="12.466"/>
  <system-out/>
  <testcase classname="TestNg_crossBrowser.saple1" name="amazon1" time="12.736"/>
  <system-out/>
</testsuite> <!-- TestNg_crossBrowser.saple1 -->
