<?xml version="1.0" encoding="UTF-8"?>
<!-- Generated by org.testng.reporters.JUnitReportReporter -->
<testsuite hostname="DESKTOP-24FMHF5" failures="0" tests="1" name="TestNG_GROUP.sample2" time="0.016" errors="0" timestamp="2024-10-18T14:14:26 IST" skipped="0">
  <testcase classname="TestNG_GROUP.sample2" name="sample222" time="0.016"/>
  <system-out/>
</testsuite> <!-- TestNG_GROUP.sample2 -->
