<?xml version="1.0" encoding="UTF-8"?>
<!-- Generated by org.testng.reporters.JUnitReportReporter -->
<testsuite hostname="DESKTOP-24FMHF5" failures="0" tests="1" name="TestNg_parallel.amazon" time="12.156" errors="0" timestamp="2024-10-18T18:52:00 IST" skipped="0">
  <testcase classname="TestNg_parallel.amazon" name="amazon1" time="12.156"/>
  <system-out/>
</testsuite> <!-- TestNg_parallel.amazon -->
