<?xml version="1.0" encoding="UTF-8"?>
<!-- Generated by org.testng.reporters.JUnitReportReporter -->
<testsuite hostname="DESKTOP-24FMHF5" failures="0" tests="1" name="TestNG_GROUP.sample1" time="0.002" errors="0" timestamp="2024-10-18T14:14:26 IST" skipped="0">
  <testcase classname="TestNG_GROUP.sample1" name="sample11" time="0.002"/>
  <system-out/>
</testsuite> <!-- TestNG_GROUP.sample1 -->
