<?xml version="1.0" encoding="UTF-8"?>
<!-- Generated by org.testng.reporters.JUnitReportReporter -->
<testsuite hostname="DESKTOP-24FMHF5" failures="0" tests="1" name="TestNG.Priority" time="0.014" errors="0" timestamp="2024-10-14T20:06:17 IST" skipped="0">
  <testcase classname="TestNG.Priority" name="createcontact" time="0.014"/>
  <system-out/>
</testsuite> <!-- TestNG.Priority -->
