<?xml version="1.0" encoding="UTF-8"?>
<!-- Generated by org.testng.reporters.JUnitReportReporter -->
<testsuite hostname="DESKTOP-24FMHF5" failures="0" tests="3" name="TestNG.DependsOnMethod" time="0.025" errors="0" timestamp="2024-10-14T19:56:14 IST" skipped="0">
  <testcase classname="TestNG.DependsOnMethod" name="createcontact" time="0.021"/>
  <system-out/>
  <testcase classname="TestNG.DependsOnMethod" name="modifycontact" time="0.002"/>
  <system-out/>
  <testcase classname="TestNG.DependsOnMethod" name="deletecontact" time="0.002"/>
  <system-out/>
</testsuite> <!-- TestNG.DependsOnMethod -->
