<?xml version="1.0" encoding="UTF-8"?>
<!-- Generated by org.testng.reporters.JUnitReportReporter -->
<testsuite hostname="DESKTOP-24FMHF5" failures="0" tests="1" name="TestNg_batch.flipkart" time="9.160" errors="0" timestamp="2024-10-18T19:05:45 IST" skipped="0">
  <testcase classname="TestNg_batch.flipkart" name="flipkart1" time="9.160"/>
  <system-out/>
</testsuite> <!-- TestNg_batch.flipkart -->
