<?xml version="1.0" encoding="UTF-8"?>
<!-- Generated by org.testng.reporters.JUnitReportReporter -->
<testsuite hostname="DESKTOP-24FMHF5" failures="0" tests="1" name="TestNg_parallel.flipkart" time="13.175" errors="0" timestamp="2024-10-18T18:52:00 IST" skipped="0">
  <testcase classname="TestNg_parallel.flipkart" name="flipkart1" time="13.175"/>
  <system-out/>
</testsuite> <!-- TestNg_parallel.flipkart -->
