<?xml version="1.0" encoding="UTF-8"?>
<!-- Generated by org.testng.reporters.JUnitReportReporter -->
<testsuite hostname="DESKTOP-24FMHF5" failures="0" tests="4" name="TestNG.InvocationCount" time="0.020" errors="0" timestamp="2024-10-14T20:08:26 IST" skipped="0">
  <testcase classname="TestNG.InvocationCount" name="createcontact" time="0.014"/>
  <system-out/>
  <testcase classname="TestNG.InvocationCount" name="modifycontact" time="0.002"/>
  <system-out/>
  <testcase classname="TestNG.InvocationCount" name="deletecontact" time="0.002"/>
  <system-out/>
  <testcase classname="TestNG.InvocationCount" name="deletecontact" time="0.002"/>
  <system-out/>
</testsuite> <!-- TestNG.InvocationCount -->
